<?xml version="1.0" encoding="UTF-8"?>
<!-- Generated by org.testng.reporters.JUnitReportReporter -->
<testsuite skipped="0" hostname="DESKTOP-EOVFTQQ" name="com.dingtone.HttpClientUtilTest" tests="1" failures="0" timestamp="18 十二月 2018 09:40:28 GMT" time="0.787" errors="0">
  <testcase name="test1" time="0.787" classname="com.dingtone.HttpClientUtilTest"/>
</testsuite> <!-- com.dingtone.HttpClientUtilTest -->
